SetFont: MS UI Gothic 14
  Loaded font: /System/Library/Fonts/ヒラギノ明朝 ProN.ttc
=== AUDIO INITIALIZATION START ===
Info: Auto-detected SoundFont: GeneralUser-GS.sf2
SoundFont loaded: GeneralUser-GS.sf2
Success: SoundFont loaded from GeneralUser-GS.sf2
=== AUDIO INITIALIZATION END ===
2026-01-15 20:35:15.853 game[69705:991314] [CAMetalLayer nextDrawable] returning nil because allocation failed.
2026-01-15 20:35:15.870 game[69705:991314] [CAMetalLayer nextDrawable] returning nil because allocation failed.
2026-01-15 20:35:15.887 game[69705:991314] [CAMetalLayer nextDrawable] returning nil because allocation failed.
2026-01-15 20:35:15.903 game[69705:991314] [CAMetalLayer nextDrawable] returning nil because allocation failed.
2026-01-15 20:35:15.920 game[69705:991314] [CAMetalLayer nextDrawable] returning nil because allocation failed.
2026-01-15 20:35:15.937 game[69705:991314] [CAMetalLayer nextDrawable] returning nil because allocation failed.
LoadPic: POP-W.bmp
  Loaded and decoded POP-W.BMP (300x250, ID=0)
LoadPic: POPOP01.bmp
  Loaded and decoded POPOP01.BMP (102x101, ID=1)
LoadPic: POPOP02.bmp
  Loaded and decoded POPOP02.BMP (102x101, ID=2)
LoadPic: POP01.bmp
  Loaded and decoded POP01.BMP (300x250, ID=3)
LoadPic: POP01.bmp
  Loaded and decoded POP01.BMP (300x250, ID=4)
LoadPic: POP01A.bmp
  Loaded and decoded POP01A.BMP (194x217, ID=5)
LoadPic: POP01B.bmp
  Loaded and decoded POP01B.BMP (194x217, ID=6)
LoadPic: POP01C.bmp
  Loaded and decoded POP01C.BMP (194x217, ID=7)
LoadPic: POP01W.bmp
  Loaded and decoded POP01W.BMP (300x250, ID=8)
LoadPic: POP01W.bmp
  Loaded and decoded POP01W.BMP (300x250, ID=9)
CapTitle called with 1 args: []
  Arg[0]: type=string value=
CapTitle: Setting global/window title to: 
TextWrite: "これはポッポ島にすむおさるさんのお話です" at 0,346 (pic=0)
  Text drawn successfully to picture ID=0 (adjusted Y from 346 to 360)
OpenWin: pic=0 window at 0,0 size 640x480 source from -170,-115 color=FFFFFF
  Auto-expanding destination Picture ID=0 from 300x250 to 360x341
SetFont: ＭＳ 明朝 14
  Loaded font: /System/Library/Fonts/ヒラギノ明朝 ProN.ttc
TextColor: 0, 0, 0
TextWrite: "これはポッポ島にすむおさるさんのお話です" at 0,234 (pic=0)
  Text drawn successfully to picture ID=0 (adjusted Y from 234 to 248)
RegisterSequence: 1 (487 ops)
RegisterSequence: MIDI Sync Mode ON
PlayMIDI: [FLYINSKY.mid]
PlayMidiFile: Loading FLYINSKY.mid
PlayMIDI: Playback started
PlayMIDI: Sync info - InitBPM=120.00, PPQ=480, Events=2
PlayMIDI: Sequence Activated
2026-01-15 20:35:15.953 game[69705:991314] [CAMetalLayer nextDrawable] returning nil because allocation failed.
VM: Executing [0] SetStep (Tick 1)
VM: SetStep(8) -> ticksPerStep=480 (PPQ=480, Mode=1)
VM: Executing [1] Wait (Tick 1)
VM: Executing [2] MovePic (Tick 3362)
VM: Executing [3] Wait (Tick 3362)
VM: Executing [4] MovePic (Tick 3843)
VM: Executing [5] Wait (Tick 3843)
VM: Executing [6] MovePic (Tick 4324)
VM: Executing [7] Wait (Tick 4324)
VM: Executing [8] MovePic (Tick 4805)
VM: Executing [9] Wait (Tick 4805)
VM: Executing [10] MovePic (Tick 5286)
VM: Executing [11] Wait (Tick 5286)
VM: Executing [12] MovePic (Tick 5767)
VM: Executing [13] Wait (Tick 5767)
Drawing Window ID=0 (Pic=0) at (4,28)
DEBUG: WinID=0 Pic=0 ImgRect=(174,143)-(534,484) DrawRect=(174,143)-(534,484) Empty=false
VM: Executing [14] MovePic (Tick 6248)
VM: Executing [15] Wait (Tick 6248)
VM: Executing [16] MovePic (Tick 6729)
VM: Executing [17] Wait (Tick 6729)
VM: Executing [18] MovePic (Tick 7210)
VM: Executing [19] Wait (Tick 7210)
VM: Executing [20] MovePic (Tick 7691)
VM: Executing [21] Wait (Tick 7691)
VM: Executing [22] MovePic (Tick 8172)
VM: Executing [23] Wait (Tick 8172)
VM: Executing [24] MovePic (Tick 8653)
VM: Executing [25] Wait (Tick 8653)
VM: Executing [26] MovePic (Tick 9134)
VM: Executing [27] Wait (Tick 9134)
VM: Executing [28] MovePic (Tick 9615)
VM: Executing [29] Wait (Tick 9615)
VM: Executing [30] MovePic (Tick 10096)
VM: Executing [31] Wait (Tick 10096)
VM: Executing [32] MovePic (Tick 10577)
VM: Executing [33] Wait (Tick 10577)
VM: Executing [34] MovePic (Tick 11058)
VM: Executing [35] Wait (Tick 11058)
VM: Executing [36] MovePic (Tick 11539)
VM: Executing [37] Wait (Tick 11539)
DEBUG: WinID=0 Pic=0 ImgRect=(174,143)-(534,484) DrawRect=(174,143)-(534,484) Empty=false
VM: Executing [38] MovePic (Tick 12020)
  Auto-expanding destination Picture ID=8 from 300x250 to 300x300
VM: Executing [39] OpenWin (Tick 12020)
DEBUG: OpenWin called with 8 args: [8 0 0 0 0 0 0 16777215]
OpenWin: pic=8 window at 0,0 size 640x480 source from 0,0 color=FFFFFF
VM: Executing [40] MovePic (Tick 12020)
VM: Executing [41] Wait (Tick 12020)
VM: Executing [42] TextColor (Tick 12501)
TextColor: 0, 0, 0
VM: Executing [43] TextWrite (Tick 12501)
TextWrite: "みんなは｢ゆめみごこちのさる｣っていうけど" at 0,0 (pic=9)
  Text drawn successfully to picture ID=9 (adjusted Y from 0 to 14)
PERF: [43] TextWrite took 6.417292ms
VM: Executing [44] MovePic (Tick 12501)
VM: Executing [45] Wait (Tick 12501)
VM: Executing [46] TextColor (Tick 14422)
TextColor: 255, 255, 255
VM: Executing [47] TextWrite (Tick 14422)
TextWrite: "みんなは｢ゆめみごこちのさる｣っていうけど" at 0,0 (pic=9)
  Text drawn successfully to picture ID=9 (adjusted Y from 0 to 14)
PERF: [47] TextWrite took 3.165458ms
VM: Executing [48] MovePic (Tick 14422)
VM: Executing [49] Wait (Tick 14422)
VM: Executing [50] MovePic (Tick 14903)
VM: Executing [51] Wait (Tick 14903)
VM: Executing [52] MovePic (Tick 15384)
VM: Executing [53] Wait (Tick 15384)
VM: Executing [54] MovePic (Tick 15865)
VM: Executing [55] Wait (Tick 15865)
VM: Executing [56] MovePic (Tick 16346)
VM: Executing [57] Wait (Tick 16346)
VM: Executing [58] MovePic (Tick 16827)
VM: Executing [59] Wait (Tick 16827)
VM: Executing [60] MovePic (Tick 17308)
VM: Executing [61] Wait (Tick 17308)
VM: Executing [62] MovePic (Tick 17789)
VM: Executing [63] Wait (Tick 17789)
DEBUG: WinID=0 Pic=0 ImgRect=(174,143)-(534,484) DrawRect=(174,143)-(534,484) Empty=false
DEBUG: WinID=1 Pic=8 ImgRect=(174,143)-(474,443) DrawRect=(174,143)-(474,443) Empty=false
VM: Executing [64] MovePic (Tick 18270)
VM: Executing [65] Wait (Tick 18270)
VM: Executing [66] TextColor (Tick 20191)
TextColor: 0, 0, 0
VM: Executing [67] TextWrite (Tick 20191)
TextWrite: "きっと､空を飛んでみせるんだ" at 0,0 (pic=9)
  Text drawn successfully to picture ID=9 (adjusted Y from 0 to 14)
PERF: [67] TextWrite took 4.049833ms
VM: Executing [68] MovePic (Tick 20191)
  Auto-expanding destination Picture ID=8 from 300x300 to 340x300
VM: Executing [69] Wait (Tick 20191)
VM: Executing [70] TextColor (Tick 22112)
TextColor: 255, 255, 255
VM: Executing [71] TextWrite (Tick 22112)
TextWrite: "きっと､空を飛んでみせるんだ" at 0,0 (pic=9)
  Text drawn successfully to picture ID=9 (adjusted Y from 0 to 14)
PERF: [71] TextWrite took 3.103417ms
VM: Executing [72] MovePic (Tick 22112)
VM: Executing [73] Wait (Tick 22112)
VM: Executing [74] MovePic (Tick 22593)
VM: Executing [75] Wait (Tick 22593)
VM: Executing [76] MovePic (Tick 23074)
VM: Executing [77] Wait (Tick 23074)
VM: Executing [78] MovePic (Tick 23555)
VM: Executing [79] Wait (Tick 23555)
DEBUG: WinID=0 Pic=0 ImgRect=(174,143)-(534,484) DrawRect=(174,143)-(534,484) Empty=false
DEBUG: WinID=1 Pic=8 ImgRect=(174,143)-(514,443) DrawRect=(174,143)-(514,443) Empty=false
VM: Executing [80] MovePic (Tick 24036)
VM: Executing [81] Wait (Tick 24036)
VM: Executing [82] MovePic (Tick 24517)
VM: Executing [83] Wait (Tick 24517)
VM: Executing [84] MovePic (Tick 24998)
VM: Executing [85] Wait (Tick 24998)
VM: Executing [86] MovePic (Tick 25479)
VM: Executing [87] Wait (Tick 25479)
VM: Executing [88] MovePic (Tick 25960)
VM: Executing [89] Wait (Tick 25960)
VM: Executing [90] MovePic (Tick 26441)
VM: Executing [91] Wait (Tick 26441)
VM: Executing [92] MovePic (Tick 26922)
VM: Executing [93] Wait (Tick 26922)
VM: Executing [94] MovePic (Tick 27403)
VM: Executing [95] Wait (Tick 27403)
VM: Executing [96] MovePic (Tick 27884)
VM: Executing [97] Wait (Tick 27884)
VM: Executing [98] MovePic (Tick 28365)
VM: Executing [99] Wait (Tick 28365)
VM: Executing [100] MovePic (Tick 28846)
VM: Executing [101] Wait (Tick 28846)
VM: Executing [102] MovePic (Tick 29327)
VM: Executing [103] Wait (Tick 29327)
VM: Executing [104] OpenWin (Tick 29808)
DEBUG: OpenWin called with 8 args: [3 0 0 0 0 0 0 16777215]
OpenWin: pic=3 window at 0,0 size 640x480 source from 0,0 color=FFFFFF
VM: Executing [105] LoadPic (Tick 29808)
LoadPic: POP02A.bmp
  Loaded and decoded POP02A.BMP (161x165, ID=10)
VM: LoadPic(POP02A.bmp) -> 10
VM: Executing [106] LoadPic (Tick 29808)
LoadPic: POP02B.bmp
  Loaded and decoded POP02B.BMP (161x165, ID=11)
VM: LoadPic(POP02B.bmp) -> 11
VM: Executing [107] MovePic (Tick 29808)
VM: Executing [108] Wait (Tick 29808)
DEBUG: WinID=0 Pic=0 ImgRect=(174,143)-(534,484) DrawRect=(174,143)-(534,484) Empty=false
DEBUG: WinID=1 Pic=8 ImgRect=(174,143)-(514,443) DrawRect=(174,143)-(514,443) Empty=false
DEBUG: WinID=2 Pic=3 ImgRect=(174,143)-(474,393) DrawRect=(174,143)-(474,393) Empty=false
VM: Executing [109] TextColor (Tick 30289)
TextColor: 0, 0, 0
VM: Executing [110] TextWrite (Tick 30289)
TextWrite: "空を飛ぶには飛行機だ！ぼくは作るのさ" at 0,0 (pic=4)
  Text drawn successfully to picture ID=4 (adjusted Y from 0 to 14)
PERF: [110] TextWrite took 4.427375ms
VM: Executing [111] MovePic (Tick 30289)
  Auto-expanding destination Picture ID=3 from 300x250 to 300x274
VM: Executing [112] Wait (Tick 30289)
VM: Executing [113] TextColor (Tick 33170)
TextColor: 255, 255, 255
VM: Executing [114] TextWrite (Tick 33170)
TextWrite: "空を飛ぶには飛行機だ！ぼくは作るのさ" at 0,0 (pic=4)
  Text drawn successfully to picture ID=4 (adjusted Y from 0 to 14)
VM: Executing [115] MovePic (Tick 33170)
VM: Executing [116] Wait (Tick 33170)
DEBUG: WinID=0 Pic=0 ImgRect=(174,143)-(534,484) DrawRect=(174,143)-(534,484) Empty=false
DEBUG: WinID=1 Pic=8 ImgRect=(174,143)-(514,443) DrawRect=(174,143)-(514,443) Empty=false
DEBUG: WinID=2 Pic=3 ImgRect=(174,143)-(474,417) DrawRect=(174,143)-(474,417) Empty=false
VM: Executing [117] LoadPic (Tick 36051)
LoadPic: POP02C.bmp
  Loaded and decoded POP02C.BMP (253x222, ID=12)
VM: LoadPic(POP02C.bmp) -> 12
VM: Executing [118] LoadPic (Tick 36051)
LoadPic: POP02D.bmp
  Loaded and decoded POP02D.BMP (253x222, ID=13)
VM: LoadPic(POP02D.bmp) -> 13
VM: Executing [119] LoadPic (Tick 36051)
LoadPic: POP02E.bmp
  Loaded and decoded POP02E.BMP (300x250, ID=14)
VM: LoadPic(POP02E.bmp) -> 14
VM: Executing [120] LoadPic (Tick 36051)
LoadPic: POP02E.bmp
  Loaded and decoded POP02E.BMP (300x250, ID=15)
VM: LoadPic(POP02E.bmp) -> 15
VM: Executing [121] OpenWin (Tick 36051)
DEBUG: OpenWin called with 8 args: [14 0 0 0 0 0 0 16777215]
OpenWin: pic=14 window at 0,0 size 640x480 source from 0,0 color=FFFFFF
VM: Executing [122] MovePic (Tick 36051)
  Auto-expanding destination Picture ID=14 from 300x250 to 300x257
VM: Executing [123] Wait (Tick 36051)
VM: Executing [124] TextColor (Tick 36532)
TextColor: 0, 0, 0
VM: Executing [125] TextWrite (Tick 36532)
TextWrite: "黄色い飛行機を作りました｢ピース､ピース､｣" at 0,0 (pic=15)
  Text drawn successfully to picture ID=15 (adjusted Y from 0 to 14)
PERF: [125] TextWrite took 3.312ms
VM: Executing [126] MovePic (Tick 36532)
  Auto-expanding destination Picture ID=14 from 300x257 to 300x264
VM: Executing [127] Wait (Tick 36532)
VM: Executing [128] TextColor (Tick 38933)
TextColor: 255, 255, 255
VM: Executing [129] TextWrite (Tick 38933)
TextWrite: "黄色い飛行機を作りました｢ピース､ピース､｣" at 0,0 (pic=15)
  Text drawn successfully to picture ID=15 (adjusted Y from 0 to 14)
VM: Executing [130] MovePic (Tick 38933)
VM: Executing [131] Wait (Tick 38933)
VM: Executing [132] MovePic (Tick 39414)
VM: Executing [133] Wait (Tick 39414)
VM: Executing [134] MovePic (Tick 39895)
VM: Executing [135] Wait (Tick 39895)
VM: Executing [136] MovePic (Tick 40376)
VM: Executing [137] Wait (Tick 40376)
VM: Executing [138] MovePic (Tick 40857)
VM: Executing [139] Wait (Tick 40857)
VM: Executing [140] MovePic (Tick 41338)
VM: Executing [141] Wait (Tick 41338)
VM: Executing [142] MovePic (Tick 41819)
VM: Executing [143] Wait (Tick 41819)
DEBUG: WinID=0 Pic=0 ImgRect=(174,143)-(534,484) DrawRect=(174,143)-(534,484) Empty=false
DEBUG: WinID=1 Pic=8 ImgRect=(174,143)-(514,443) DrawRect=(174,143)-(514,443) Empty=false
DEBUG: WinID=2 Pic=3 ImgRect=(174,143)-(474,417) DrawRect=(174,143)-(474,417) Empty=false
DEBUG: WinID=3 Pic=14 ImgRect=(174,143)-(474,407) DrawRect=(174,143)-(474,407) Empty=false
VM: Executing [144] MovePic (Tick 42300)
VM: Executing [145] Wait (Tick 42300)
VM: Executing [146] MovePic (Tick 42781)
VM: Executing [147] Wait (Tick 42781)
VM: Executing [148] MovePic (Tick 43262)
VM: Executing [149] Wait (Tick 43262)
VM: Executing [150] MovePic (Tick 43743)
VM: Executing [151] Wait (Tick 43743)
VM: Executing [152] LoadPic (Tick 44224)
LoadPic: POP03A.bmp
  Loaded and decoded POP03A.BMP (200x250, ID=16)
VM: LoadPic(POP03A.bmp) -> 16
VM: Executing [153] LoadPic (Tick 44224)
LoadPic: POP03B.bmp
  Loaded and decoded POP03B.BMP (178x77, ID=17)
VM: LoadPic(POP03B.bmp) -> 17
VM: Executing [154] LoadPic (Tick 44224)
LoadPic: POP03C1.bmp
  Loaded and decoded POP03C1.BMP (110x92, ID=18)
VM: LoadPic(POP03C1.bmp) -> 18
VM: Executing [155] LoadPic (Tick 44224)
LoadPic: POP03C2.bmp
  Loaded and decoded POP03C2.BMP (110x92, ID=19)
VM: LoadPic(POP03C2.bmp) -> 19
VM: Executing [156] LoadPic (Tick 44224)
LoadPic: POP03D1.bmp
  Loaded and decoded POP03D1.BMP (110x92, ID=20)
VM: LoadPic(POP03D1.bmp) -> 20
VM: Executing [157] LoadPic (Tick 44224)
LoadPic: POP03D2.bmp
  Loaded and decoded POP03D2.BMP (110x92, ID=21)
VM: LoadPic(POP03D2.bmp) -> 21
VM: Executing [158] LoadPic (Tick 44224)
LoadPic: POP03D3.bmp
  Loaded and decoded POP03D3.BMP (110x92, ID=22)
VM: LoadPic(POP03D3.bmp) -> 22
VM: Executing [159] LoadPic (Tick 44224)
LoadPic: POP03D4.bmp
  Loaded and decoded POP03D4.BMP (110x92, ID=23)
VM: LoadPic(POP03D4.bmp) -> 23
VM: Executing [160] LoadPic (Tick 44224)
LoadPic: POP03D5.bmp
  Loaded and decoded POP03D5.BMP (110x92, ID=24)
VM: LoadPic(POP03D5.bmp) -> 24
VM: Executing [161] LoadPic (Tick 44224)
LoadPic: POP03E.bmp
  Loaded and decoded POP03E.BMP (350x250, ID=25)
VM: LoadPic(POP03E.bmp) -> 25
VM: Executing [162] LoadPic (Tick 44224)
LoadPic: POP03E.bmp
  Loaded and decoded POP03E.BMP (350x250, ID=26)
VM: LoadPic(POP03E.bmp) -> 26
VM: Executing [163] MovePic (Tick 44224)
  Auto-expanding destination Picture ID=25 from 350x250 to 350x300
VM: Executing [164] Wait (Tick 44224)
VM: Executing [165] Assign (Tick 44705)
CreatePic: args=[25]
  Created picture ID=27 (350x300)
VM: Assign base_pic = 27
VM: Executing [166] OpenWin (Tick 44705)
DEBUG: OpenWin called with 8 args: [27 0 0 0 0 0 0 16777215]
OpenWin: pic=27 window at 0,0 size 640x480 source from 0,0 color=FFFFFF
VM: Executing [167] PutCast (Tick 44705)
PutCast: args=[25 27 0 0]
  Created and drew cast ID=1 at 0,0
VM: Executing [168] Assign (Tick 44705)
PutCast: args=[17 27 113 0 16777215 0 0 0 89 77 0 0]
PutCast: Transparent color specified: #ffffff
convertTransparentColor: Target color RGB=(255,255,255)
  Pixel(0,0): RGB=(255,255,255) A=255
  Pixel(1,0): RGB=(255,255,255) A=255
  Pixel(2,0): RGB=(255,255,255) A=255
  Pixel(3,0): RGB=(255,255,255) A=255
  Pixel(4,0): RGB=(255,255,255) A=255
  Converted: 7804 transparent, 5902 opaque pixels
PutCast: Created transparency-processed picture ID=28
  Created and drew cast ID=2 at 113,0
VM: Assign cast = 2
PERF: [168] Assign took 7.343ms
VM: Executing [169] MoveCast (Tick 44705)
MoveCast: args=[2 17 109 0 0 89 77 0 0]
DEBUG: MoveCast CastID=2 PicID=17 Args=[2 17 109 0 0 89 77 0 0]
DEBUG: Source Picture Size: 178x77
DEBUG: MoveCast Updated Cast ID=2: Pos=(109,0) Size=89x77 Src=(0,0)
DEBUG MoveCast: Redrawing casts for dest picture 27
  Cast 1: Pic=25 Pos=(0,0) Size=350x300 SrcOffset=(0,0)
    Clipped to rect: (0,0)-(350,300)
  Cast 2: Pic=28 Pos=(109,0) Size=89x77 SrcOffset=(0,0)
    Clipped to rect: (0,0)-(89,77)
  Total casts redrawn: 2
VM: Executing [170] Wait (Tick 44705)
VM: Executing [171] MoveCast (Tick 45186)
MoveCast: args=[2 17 105 10 0 89 77 89 0]
DEBUG: MoveCast CastID=2 PicID=17 Args=[2 17 105 10 0 89 77 89 0]
DEBUG: Source Picture Size: 178x77
DEBUG: MoveCast Updated Cast ID=2: Pos=(105,10) Size=89x77 Src=(89,0)
DEBUG MoveCast: Redrawing casts for dest picture 27
  Cast 1: Pic=25 Pos=(0,0) Size=350x300 SrcOffset=(0,0)
    Clipped to rect: (0,0)-(350,300)
  Cast 2: Pic=28 Pos=(105,10) Size=89x77 SrcOffset=(89,0)
    Clipped to rect: (89,0)-(178,77)
  Total casts redrawn: 2
VM: Executing [172] Wait (Tick 45186)
VM: Executing [173] MoveCast (Tick 45667)
MoveCast: args=[2 17 101 20 0 89 77 0 0]
DEBUG: MoveCast CastID=2 PicID=17 Args=[2 17 101 20 0 89 77 0 0]
DEBUG: Source Picture Size: 178x77
DEBUG: MoveCast Updated Cast ID=2: Pos=(101,20) Size=89x77 Src=(0,0)
DEBUG MoveCast: Redrawing casts for dest picture 27
  Cast 1: Pic=25 Pos=(0,0) Size=350x300 SrcOffset=(0,0)
    Clipped to rect: (0,0)-(350,300)
  Cast 2: Pic=28 Pos=(101,20) Size=89x77 SrcOffset=(0,0)
    Clipped to rect: (0,0)-(89,77)
  Total casts redrawn: 2
VM: Executing [174] Wait (Tick 45667)
VM: Executing [175] MoveCast (Tick 46148)
MoveCast: args=[2 17 97 30 0 89 77 89 0]
DEBUG: MoveCast CastID=2 PicID=17 Args=[2 17 97 30 0 89 77 89 0]
DEBUG: Source Picture Size: 178x77
DEBUG: MoveCast Updated Cast ID=2: Pos=(97,30) Size=89x77 Src=(89,0)
DEBUG MoveCast: Redrawing casts for dest picture 27
  Cast 1: Pic=25 Pos=(0,0) Size=350x300 SrcOffset=(0,0)
    Clipped to rect: (0,0)-(350,300)
  Cast 2: Pic=28 Pos=(97,30) Size=89x77 SrcOffset=(89,0)
    Clipped to rect: (89,0)-(178,77)
  Total casts redrawn: 2
VM: Executing [176] Wait (Tick 46148)
VM: Executing [177] MoveCast (Tick 46629)
MoveCast: args=[2 17 93 40 0 89 77 0 0]
DEBUG: MoveCast CastID=2 PicID=17 Args=[2 17 93 40 0 89 77 0 0]
DEBUG: Source Picture Size: 178x77
DEBUG: MoveCast Updated Cast ID=2: Pos=(93,40) Size=89x77 Src=(0,0)
DEBUG MoveCast: Redrawing casts for dest picture 27
  Cast 1: Pic=25 Pos=(0,0) Size=350x300 SrcOffset=(0,0)
    Clipped to rect: (0,0)-(350,300)
  Cast 2: Pic=28 Pos=(93,40) Size=89x77 SrcOffset=(0,0)
    Clipped to rect: (0,0)-(89,77)
  Total casts redrawn: 2
VM: Executing [178] Wait (Tick 46629)
VM: Executing [179] MoveCast (Tick 47110)
MoveCast: args=[2 17 89 50 0 89 77 89 0]
DEBUG: MoveCast CastID=2 PicID=17 Args=[2 17 89 50 0 89 77 89 0]
DEBUG: Source Picture Size: 178x77
DEBUG: MoveCast Updated Cast ID=2: Pos=(89,50) Size=89x77 Src=(89,0)
DEBUG MoveCast: Redrawing casts for dest picture 27
  Cast 1: Pic=25 Pos=(0,0) Size=350x300 SrcOffset=(0,0)
    Clipped to rect: (0,0)-(350,300)
  Cast 2: Pic=28 Pos=(89,50) Size=89x77 SrcOffset=(89,0)
    Clipped to rect: (89,0)-(178,77)
  Total casts redrawn: 2
VM: Executing [180] Wait (Tick 47110)
VM: Executing [181] MoveCast (Tick 47591)
MoveCast: args=[2 17 85 60 0 89 77 0 0]
DEBUG: MoveCast CastID=2 PicID=17 Args=[2 17 85 60 0 89 77 0 0]
DEBUG: Source Picture Size: 178x77
DEBUG: MoveCast Updated Cast ID=2: Pos=(85,60) Size=89x77 Src=(0,0)
DEBUG MoveCast: Redrawing casts for dest picture 27
  Cast 1: Pic=25 Pos=(0,0) Size=350x300 SrcOffset=(0,0)
    Clipped to rect: (0,0)-(350,300)
  Cast 2: Pic=28 Pos=(85,60) Size=89x77 SrcOffset=(0,0)
    Clipped to rect: (0,0)-(89,77)
  Total casts redrawn: 2
VM: Executing [182] Wait (Tick 47591)
DEBUG: WinID=0 Pic=0 ImgRect=(174,143)-(534,484) DrawRect=(174,143)-(534,484) Empty=false
DEBUG: WinID=1 Pic=8 ImgRect=(174,143)-(514,443) DrawRect=(174,143)-(514,443) Empty=false
DEBUG: WinID=2 Pic=3 ImgRect=(174,143)-(474,417) DrawRect=(174,143)-(474,417) Empty=false
DEBUG: WinID=3 Pic=14 ImgRect=(174,143)-(474,407) DrawRect=(174,143)-(474,407) Empty=false
DEBUG: WinID=4 Pic=27 ImgRect=(174,143)-(524,443) DrawRect=(174,143)-(524,443) Empty=false
VM: Executing [183] MoveCast (Tick 48072)
MoveCast: args=[2 17 81 70 0 89 77 89 0]
DEBUG: MoveCast CastID=2 PicID=17 Args=[2 17 81 70 0 89 77 89 0]
DEBUG: Source Picture Size: 178x77
DEBUG: MoveCast Updated Cast ID=2: Pos=(81,70) Size=89x77 Src=(89,0)
DEBUG MoveCast: Redrawing casts for dest picture 27
  Cast 1: Pic=25 Pos=(0,0) Size=350x300 SrcOffset=(0,0)
    Clipped to rect: (0,0)-(350,300)
  Cast 2: Pic=28 Pos=(81,70) Size=89x77 SrcOffset=(89,0)
    Clipped to rect: (89,0)-(178,77)
  Total casts redrawn: 2
VM: Executing [184] Wait (Tick 48072)
VM: Executing [185] MoveCast (Tick 48553)
MoveCast: args=[2 17 77 80 0 89 77 0 0]
DEBUG: MoveCast CastID=2 PicID=17 Args=[2 17 77 80 0 89 77 0 0]
DEBUG: Source Picture Size: 178x77
DEBUG: MoveCast Updated Cast ID=2: Pos=(77,80) Size=89x77 Src=(0,0)
DEBUG MoveCast: Redrawing casts for dest picture 27
  Cast 1: Pic=25 Pos=(0,0) Size=350x300 SrcOffset=(0,0)
    Clipped to rect: (0,0)-(350,300)
  Cast 2: Pic=28 Pos=(77,80) Size=89x77 SrcOffset=(0,0)
    Clipped to rect: (0,0)-(89,77)
  Total casts redrawn: 2
VM: Executing [186] Wait (Tick 48553)
VM: Executing [187] MoveCast (Tick 49034)
MoveCast: args=[2 17 73 90 0 89 77 89 0]
DEBUG: MoveCast CastID=2 PicID=17 Args=[2 17 73 90 0 89 77 89 0]
DEBUG: Source Picture Size: 178x77
DEBUG: MoveCast Updated Cast ID=2: Pos=(73,90) Size=89x77 Src=(89,0)
DEBUG MoveCast: Redrawing casts for dest picture 27
  Cast 1: Pic=25 Pos=(0,0) Size=350x300 SrcOffset=(0,0)
    Clipped to rect: (0,0)-(350,300)
  Cast 2: Pic=28 Pos=(73,90) Size=89x77 SrcOffset=(89,0)
    Clipped to rect: (89,0)-(178,77)
  Total casts redrawn: 2
VM: Executing [188] Wait (Tick 49034)
VM: Executing [189] MoveCast (Tick 49515)
MoveCast: args=[2 17 69 100 0 89 77 0 0]
DEBUG: MoveCast CastID=2 PicID=17 Args=[2 17 69 100 0 89 77 0 0]
DEBUG: Source Picture Size: 178x77
DEBUG: MoveCast Updated Cast ID=2: Pos=(69,100) Size=89x77 Src=(0,0)
DEBUG MoveCast: Redrawing casts for dest picture 27
  Cast 1: Pic=25 Pos=(0,0) Size=350x300 SrcOffset=(0,0)
    Clipped to rect: (0,0)-(350,300)
  Cast 2: Pic=28 Pos=(69,100) Size=89x77 SrcOffset=(0,0)
    Clipped to rect: (0,0)-(89,77)
  Total casts redrawn: 2
VM: Executing [190] Wait (Tick 49515)
VM: Executing [191] MoveCast (Tick 49996)
MoveCast: args=[2 17 65 110 0 89 77 89 0]
DEBUG: MoveCast CastID=2 PicID=17 Args=[2 17 65 110 0 89 77 89 0]
DEBUG: Source Picture Size: 178x77
DEBUG: MoveCast Updated Cast ID=2: Pos=(65,110) Size=89x77 Src=(89,0)
DEBUG MoveCast: Redrawing casts for dest picture 27
  Cast 1: Pic=25 Pos=(0,0) Size=350x300 SrcOffset=(0,0)
    Clipped to rect: (0,0)-(350,300)
  Cast 2: Pic=28 Pos=(65,110) Size=89x77 SrcOffset=(89,0)
    Clipped to rect: (89,0)-(178,77)
  Total casts redrawn: 2
VM: Executing [192] Wait (Tick 49996)
VM: Executing [193] MoveCast (Tick 50477)
MoveCast: args=[2 17 61 120 0 89 77 0 0]
DEBUG: MoveCast CastID=2 PicID=17 Args=[2 17 61 120 0 89 77 0 0]
DEBUG: Source Picture Size: 178x77
DEBUG: MoveCast Updated Cast ID=2: Pos=(61,120) Size=89x77 Src=(0,0)
DEBUG MoveCast: Redrawing casts for dest picture 27
  Cast 1: Pic=25 Pos=(0,0) Size=350x300 SrcOffset=(0,0)
    Clipped to rect: (0,0)-(350,300)
  Cast 2: Pic=28 Pos=(61,120) Size=89x77 SrcOffset=(0,0)
    Clipped to rect: (0,0)-(89,77)
  Total casts redrawn: 2
VM: Executing [194] Wait (Tick 50477)
VM: Executing [195] MoveCast (Tick 50958)
MoveCast: args=[2 17 57 130 0 89 77 89 0]
DEBUG: MoveCast CastID=2 PicID=17 Args=[2 17 57 130 0 89 77 89 0]
DEBUG: Source Picture Size: 178x77
DEBUG: MoveCast Updated Cast ID=2: Pos=(57,130) Size=89x77 Src=(89,0)
DEBUG MoveCast: Redrawing casts for dest picture 27
  Cast 1: Pic=25 Pos=(0,0) Size=350x300 SrcOffset=(0,0)
    Clipped to rect: (0,0)-(350,300)
  Cast 2: Pic=28 Pos=(57,130) Size=89x77 SrcOffset=(89,0)
    Clipped to rect: (89,0)-(178,77)
  Total casts redrawn: 2
VM: Executing [196] Wait (Tick 50958)
VM: Executing [197] MoveCast (Tick 51439)
MoveCast: args=[2 17 53 140 0 89 77 0 0]
DEBUG: MoveCast CastID=2 PicID=17 Args=[2 17 53 140 0 89 77 0 0]
DEBUG: Source Picture Size: 178x77
DEBUG: MoveCast Updated Cast ID=2: Pos=(53,140) Size=89x77 Src=(0,0)
DEBUG MoveCast: Redrawing casts for dest picture 27
  Cast 1: Pic=25 Pos=(0,0) Size=350x300 SrcOffset=(0,0)
    Clipped to rect: (0,0)-(350,300)
  Cast 2: Pic=28 Pos=(53,140) Size=89x77 SrcOffset=(0,0)
    Clipped to rect: (0,0)-(89,77)
  Total casts redrawn: 2
VM: Executing [198] Wait (Tick 51439)
VM: Executing [199] MoveCast (Tick 51920)
MoveCast: args=[2 17 51 145 0 89 77 89 0]
DEBUG: MoveCast CastID=2 PicID=17 Args=[2 17 51 145 0 89 77 89 0]
DEBUG: Source Picture Size: 178x77
DEBUG: MoveCast Updated Cast ID=2: Pos=(51,145) Size=89x77 Src=(89,0)
DEBUG MoveCast: Redrawing casts for dest picture 27
  Cast 1: Pic=25 Pos=(0,0) Size=350x300 SrcOffset=(0,0)
    Clipped to rect: (0,0)-(350,300)
  Cast 2: Pic=28 Pos=(51,145) Size=89x77 SrcOffset=(89,0)
    Clipped to rect: (89,0)-(178,77)
  Total casts redrawn: 2
VM: Executing [200] Wait (Tick 51920)
VM: Executing [201] MovePic (Tick 52401)
  Auto-expanding destination Picture ID=27 from 350x300 to 350x378
VM: Executing [202] Wait (Tick 52401)
DEBUG: WinID=0 Pic=0 ImgRect=(174,143)-(534,484) DrawRect=(174,143)-(534,484) Empty=false
DEBUG: WinID=1 Pic=8 ImgRect=(174,143)-(514,443) DrawRect=(174,143)-(514,443) Empty=false
DEBUG: WinID=2 Pic=3 ImgRect=(174,143)-(474,417) DrawRect=(174,143)-(474,417) Empty=false
DEBUG: WinID=3 Pic=14 ImgRect=(174,143)-(474,407) DrawRect=(174,143)-(474,407) Empty=false
DEBUG: WinID=4 Pic=27 ImgRect=(174,143)-(524,521) DrawRect=(174,143)-(524,508) Empty=false
VM: Executing [203] MovePic (Tick 54322)
VM: Executing [204] Wait (Tick 54322)
VM: Executing [205] MovePic (Tick 54803)
VM: Executing [206] Wait (Tick 54803)
VM: Executing [207] MovePic (Tick 55284)
VM: Executing [208] Wait (Tick 55284)
VM: Executing [209] MovePic (Tick 55765)
VM: Executing [210] Wait (Tick 55765)
VM: Executing [211] MovePic (Tick 56246)
VM: Executing [212] Wait (Tick 56246)
VM: Executing [213] MovePic (Tick 56727)
VM: Executing [214] Wait (Tick 56727)
VM: Executing [215] MovePic (Tick 57208)
VM: Executing [216] Wait (Tick 57208)
VM: Executing [217] TextColor (Tick 59129)
TextColor: 0, 0, 0
VM: Executing [218] TextWrite (Tick 59129)
TextWrite: "すこしぐらい" at 0,0 (pic=26)
  Text drawn successfully to picture ID=26 (adjusted Y from 0 to 14)
VM: Executing [219] TextWrite (Tick 59129)
TextWrite: "失敗したって" at 0,20 (pic=26)
  Text drawn successfully to picture ID=26 (adjusted Y from 20 to 34)
VM: Executing [220] TextWrite (Tick 59129)
TextWrite: "ぼくはぜんぜん" at 0,40 (pic=26)
  Text drawn successfully to picture ID=26 (adjusted Y from 40 to 54)
VM: Executing [221] TextWrite (Tick 59129)
TextWrite: "へっちゃらさ" at 0,60 (pic=26)
  Text drawn successfully to picture ID=26 (adjusted Y from 60 to 74)
VM: Executing [222] MovePic (Tick 59129)
  Auto-expanding destination Picture ID=27 from 350x378 to 360x378
VM: Executing [223] Wait (Tick 59129)
DEBUG: WinID=0 Pic=0 ImgRect=(174,143)-(534,484) DrawRect=(174,143)-(534,484) Empty=false
DEBUG: WinID=1 Pic=8 ImgRect=(174,143)-(514,443) DrawRect=(174,143)-(514,443) Empty=false
DEBUG: WinID=2 Pic=3 ImgRect=(174,143)-(474,417) DrawRect=(174,143)-(474,417) Empty=false
DEBUG: WinID=3 Pic=14 ImgRect=(174,143)-(474,407) DrawRect=(174,143)-(474,407) Empty=false
DEBUG: WinID=4 Pic=27 ImgRect=(174,143)-(534,521) DrawRect=(174,143)-(534,508) Empty=false
VM: Executing [224] TextColor (Tick 63450)
TextColor: 255, 255, 255
VM: Executing [225] TextWrite (Tick 63450)
TextWrite: "すこしぐらい" at 0,0 (pic=26)
  Text drawn successfully to picture ID=26 (adjusted Y from 0 to 14)
VM: Executing [226] TextWrite (Tick 63450)
TextWrite: "失敗したって" at 0,20 (pic=26)
  Text drawn successfully to picture ID=26 (adjusted Y from 20 to 34)
VM: Executing [227] TextWrite (Tick 63450)
TextWrite: "ぼくはぜんぜん" at 0,40 (pic=26)
  Text drawn successfully to picture ID=26 (adjusted Y from 40 to 54)
VM: Executing [228] TextWrite (Tick 63450)
TextWrite: "へっちゃらさ" at 0,60 (pic=26)
  Text drawn successfully to picture ID=26 (adjusted Y from 60 to 74)
VM: Executing [229] MovePic (Tick 63450)
VM: Executing [230] Wait (Tick 63450)
VM: Executing [231] MovePic (Tick 63931)
VM: Executing [232] Wait (Tick 63931)
VM: Executing [233] MovePic (Tick 64412)
VM: Executing [234] Wait (Tick 64412)
VM: Executing [235] MovePic (Tick 64893)
VM: Executing [236] Wait (Tick 64893)
VM: Executing [237] MovePic (Tick 65374)
VM: Executing [238] Wait (Tick 65374)
VM: Executing [239] MovePic (Tick 65855)
VM: Executing [240] Wait (Tick 65855)
DEBUG: WinID=0 Pic=0 ImgRect=(174,143)-(534,484) DrawRect=(174,143)-(534,484) Empty=false
DEBUG: WinID=1 Pic=8 ImgRect=(174,143)-(514,443) DrawRect=(174,143)-(514,443) Empty=false
DEBUG: WinID=2 Pic=3 ImgRect=(174,143)-(474,417) DrawRect=(174,143)-(474,417) Empty=false
DEBUG: WinID=3 Pic=14 ImgRect=(174,143)-(474,407) DrawRect=(174,143)-(474,407) Empty=false
DEBUG: WinID=4 Pic=27 ImgRect=(174,143)-(534,521) DrawRect=(174,143)-(534,508) Empty=false
VM: Executing [241] MovePic (Tick 66336)
VM: Executing [242] Wait (Tick 66336)
VM: Executing [243] MovePic (Tick 66817)
VM: Executing [244] Wait (Tick 66817)
VM: Executing [245] MovePic (Tick 67298)
VM: Executing [246] Wait (Tick 67298)
VM: Executing [247] MovePic (Tick 69219)
VM: Executing [248] Wait (Tick 69219)
VM: Executing [249] MovePic (Tick 71140)
VM: Executing [250] Wait (Tick 71140)
DEBUG: WinID=0 Pic=0 ImgRect=(174,143)-(534,484) DrawRect=(174,143)-(534,484) Empty=false
DEBUG: WinID=1 Pic=8 ImgRect=(174,143)-(514,443) DrawRect=(174,143)-(514,443) Empty=false
DEBUG: WinID=2 Pic=3 ImgRect=(174,143)-(474,417) DrawRect=(174,143)-(474,417) Empty=false
DEBUG: WinID=3 Pic=14 ImgRect=(174,143)-(474,407) DrawRect=(174,143)-(474,407) Empty=false
DEBUG: WinID=4 Pic=27 ImgRect=(174,143)-(534,521) DrawRect=(174,143)-(534,508) Empty=false
VM: Executing [251] Assign (Tick 73061)
LoadPic: POP04a.bmp
  Loaded and decoded POP04A.BMP (237x163, ID=29)
VM: LoadPic(POP04a.bmp) -> 29
VM: Assign pop04a = 29
VM: Executing [252] Assign (Tick 73061)
LoadPic: POP04.bmp
  Loaded and decoded POP04.BMP (302x127, ID=30)
VM: LoadPic(POP04.bmp) -> 30
VM: Assign pop04 = 30
VM: Executing [253] Assign (Tick 73061)
LoadPic: POP04B1.bmp
  Loaded and decoded POP04B1.BMP (117x109, ID=31)
VM: LoadPic(POP04B1.bmp) -> 31
VM: Assign pop04b1 = 31
VM: Executing [254] Assign (Tick 73061)
LoadPic: POP04B2.bmp
  Loaded and decoded POP04B2.BMP (117x109, ID=32)
VM: LoadPic(POP04B2.bmp) -> 32
VM: Assign pop04b2 = 32
VM: Executing [255] Assign (Tick 73061)
LoadPic: POP04B3.bmp
  Loaded and decoded POP04B3.BMP (117x109, ID=33)
VM: LoadPic(POP04B3.bmp) -> 33
VM: Assign pop04b3 = 33
VM: Executing [256] Assign (Tick 73061)
LoadPic: POP04C.bmp
  Loaded and decoded POP04C.BMP (273x128, ID=34)
VM: LoadPic(POP04C.bmp) -> 34
VM: Assign pop04c = 34
VM: Executing [257] Assign (Tick 73061)
LoadPic: POP04W.bmp
  Loaded and decoded POP04W.BMP (300x250, ID=35)
VM: LoadPic(POP04W.bmp) -> 35
VM: Assign pop04wg = 35
VM: Executing [258] Assign (Tick 73061)
LoadPic: POP04W.bmp
  Loaded and decoded POP04W.BMP (300x250, ID=36)
VM: LoadPic(POP04W.bmp) -> 36
VM: Assign pop04wm = 36
VM: Executing [259] OpenWin (Tick 73061)
DEBUG: OpenWin called with 8 args: [35 0 0 0 0 0 0 16777215]
OpenWin: pic=35 window at 0,0 size 640x480 source from 0,0 color=FFFFFF
VM: Executing [260] MovePic (Tick 73061)
  Auto-expanding destination Picture ID=35 from 300x250 to 330x330
VM: Executing [261] TextColor (Tick 73061)
TextColor: 0, 0, 0
VM: Executing [262] TextWrite (Tick 73061)
TextWrite: "だって…" at 0,0 (pic=36)
  Text drawn successfully to picture ID=36 (adjusted Y from 0 to 14)
VM: Executing [263] MovePic (Tick 73061)
VM: Executing [264] Wait (Tick 73061)
DEBUG: WinID=0 Pic=0 ImgRect=(174,143)-(534,484) DrawRect=(174,143)-(534,484) Empty=false
DEBUG: WinID=1 Pic=8 ImgRect=(174,143)-(514,443) DrawRect=(174,143)-(514,443) Empty=false
DEBUG: WinID=2 Pic=3 ImgRect=(174,143)-(474,417) DrawRect=(174,143)-(474,417) Empty=false
DEBUG: WinID=3 Pic=14 ImgRect=(174,143)-(474,407) DrawRect=(174,143)-(474,407) Empty=false
DEBUG: WinID=4 Pic=27 ImgRect=(174,143)-(534,521) DrawRect=(174,143)-(534,508) Empty=false
DEBUG: WinID=5 Pic=35 ImgRect=(174,143)-(504,473) DrawRect=(174,143)-(504,473) Empty=false
VM: Executing [265] TextColor (Tick 79302)
TextColor: 255, 255, 255
VM: Executing [266] TextWrite (Tick 79302)
TextWrite: "だって…" at 0,0 (pic=36)
  Text drawn successfully to picture ID=36 (adjusted Y from 0 to 14)
VM: Executing [267] MovePic (Tick 79302)
VM: Executing [268] MovePic (Tick 79302)
VM: Executing [269] Wait (Tick 79302)
VM: Executing [270] TextColor (Tick 79783)
TextColor: 0, 0, 0
VM: Executing [271] TextWrite (Tick 79783)
TextWrite: "しずかなやさしい雲と" at 0,0 (pic=36)
  Text drawn successfully to picture ID=36 (adjusted Y from 0 to 14)
PERF: [271] TextWrite took 3.659416ms
VM: Executing [272] MovePic (Tick 79783)
VM: Executing [273] Wait (Tick 79783)
VM: Executing [274] TextColor (Tick 81224)
TextColor: 255, 255, 255
VM: Executing [275] TextWrite (Tick 81224)
TextWrite: "しずかでやさしい雲と" at 0,0 (pic=36)
  Text drawn successfully to picture ID=36 (adjusted Y from 0 to 14)
PERF: [275] TextWrite took 3.023875ms
VM: Executing [276] MovePic (Tick 81224)
VM: Executing [277] Wait (Tick 81224)
DEBUG: WinID=0 Pic=0 ImgRect=(174,143)-(534,484) DrawRect=(174,143)-(534,484) Empty=false
DEBUG: WinID=1 Pic=8 ImgRect=(174,143)-(514,443) DrawRect=(174,143)-(514,443) Empty=false
DEBUG: WinID=2 Pic=3 ImgRect=(174,143)-(474,417) DrawRect=(174,143)-(474,417) Empty=false
DEBUG: WinID=3 Pic=14 ImgRect=(174,143)-(474,407) DrawRect=(174,143)-(474,407) Empty=false
DEBUG: WinID=4 Pic=27 ImgRect=(174,143)-(534,521) DrawRect=(174,143)-(534,508) Empty=false
DEBUG: WinID=5 Pic=35 ImgRect=(174,143)-(504,473) DrawRect=(174,143)-(504,473) Empty=false
VM: Executing [278] MovePic (Tick 88425)
  Auto-expanding destination Picture ID=35 from 330x330 to 490x330
VM: Executing [279] Wait (Tick 88425)
DEBUG: WinID=0 Pic=0 ImgRect=(174,143)-(534,484) DrawRect=(174,143)-(534,484) Empty=false
DEBUG: WinID=1 Pic=8 ImgRect=(174,143)-(514,443) DrawRect=(174,143)-(514,443) Empty=false
DEBUG: WinID=2 Pic=3 ImgRect=(174,143)-(474,417) DrawRect=(174,143)-(474,417) Empty=false
DEBUG: WinID=3 Pic=14 ImgRect=(174,143)-(474,407) DrawRect=(174,143)-(474,407) Empty=false
DEBUG: WinID=4 Pic=27 ImgRect=(174,143)-(534,521) DrawRect=(174,143)-(534,508) Empty=false
DEBUG: WinID=5 Pic=35 ImgRect=(174,143)-(664,473) DrawRect=(174,143)-(644,473) Empty=false
VM: Executing [280] TextColor (Tick 91786)
TextColor: 0, 0, 0
VM: Executing [281] TextWrite (Tick 91786)
TextWrite: "おおきくてあたたかな太陽がついてるもん" at 0,0 (pic=36)
  Text drawn successfully to picture ID=36 (adjusted Y from 0 to 14)
PERF: [281] TextWrite took 3.312375ms
VM: Executing [282] MovePic (Tick 91786)
VM: Executing [283] Wait (Tick 91786)
VM: Executing [284] TextColor (Tick 93707)
TextColor: 255, 255, 255
VM: Executing [285] TextWrite (Tick 93707)
TextWrite: "おおくきてあたたかな太陽がついてるもん" at 0,0 (pic=36)
  Text drawn successfully to picture ID=36 (adjusted Y from 0 to 14)
PERF: [285] TextWrite took 3.095708ms
VM: Executing [286] MovePic (Tick 93707)
VM: Executing [287] Wait (Tick 93707)
VM: Executing [288] MovePic (Tick 94188)
VM: Executing [289] Wait (Tick 94188)
VM: Executing [290] MovePic (Tick 94669)
VM: Executing [291] Wait (Tick 94669)
VM: Executing [292] MovePic (Tick 95150)
VM: Executing [293] Wait (Tick 95150)
VM: Executing [294] MovePic (Tick 95631)
VM: Executing [295] Wait (Tick 95631)
DEBUG: WinID=0 Pic=0 ImgRect=(174,143)-(534,484) DrawRect=(174,143)-(534,484) Empty=false
DEBUG: WinID=1 Pic=8 ImgRect=(174,143)-(514,443) DrawRect=(174,143)-(514,443) Empty=false
DEBUG: WinID=2 Pic=3 ImgRect=(174,143)-(474,417) DrawRect=(174,143)-(474,417) Empty=false
DEBUG: WinID=3 Pic=14 ImgRect=(174,143)-(474,407) DrawRect=(174,143)-(474,407) Empty=false
DEBUG: WinID=4 Pic=27 ImgRect=(174,143)-(534,521) DrawRect=(174,143)-(534,508) Empty=false
DEBUG: WinID=5 Pic=35 ImgRect=(174,143)-(664,473) DrawRect=(174,143)-(644,473) Empty=false
VM: Executing [296] MovePic (Tick 96112)
VM: Executing [297] Wait (Tick 96112)
VM: Executing [298] MovePic (Tick 96593)
VM: Executing [299] Wait (Tick 96593)
VM: Executing [300] MovePic (Tick 97074)
VM: Executing [301] Wait (Tick 97074)
VM: Executing [302] MovePic (Tick 97555)
VM: Executing [303] Wait (Tick 97555)
VM: Executing [304] MovePic (Tick 98036)
VM: Executing [305] Wait (Tick 98036)
VM: Executing [306] MovePic (Tick 98517)
VM: Executing [307] Wait (Tick 98517)
VM: Executing [308] MovePic (Tick 98998)
VM: Executing [309] Wait (Tick 98998)
VM: Executing [310] Assign (Tick 99479)
LoadPic: POP05A.bmp
  Loaded and decoded POP05A.BMP (330x203, ID=37)
VM: LoadPic(POP05A.bmp) -> 37
VM: Assign pop05a = 37
VM: Executing [311] Assign (Tick 99479)
LoadPic: POP05C.bmp
  Loaded and decoded POP05C.BMP (330x49, ID=38)
VM: LoadPic(POP05C.bmp) -> 38
VM: Assign pop05c = 38
VM: Executing [312] Assign (Tick 99479)
LoadPic: POP05W.bmp
  Loaded and decoded POP05W.BMP (330x250, ID=39)
VM: LoadPic(POP05W.bmp) -> 39
VM: Assign pop05wg = 39
VM: Executing [313] Assign (Tick 99479)
LoadPic: POP05W.bmp
  Loaded and decoded POP05W.BMP (330x250, ID=40)
VM: LoadPic(POP05W.bmp) -> 40
VM: Assign pop05wm = 40
VM: Executing [314] OpenWin (Tick 99479)
DEBUG: OpenWin called with 8 args: [39 0 0 0 0 0 0 16777215]
OpenWin: pic=39 window at 0,0 size 640x480 source from 0,0 color=FFFFFF
VM: Executing [315] MovePic (Tick 99479)
VM: Executing [316] TextColor (Tick 99479)
TextColor: 0, 0, 0
VM: Executing [317] TextWrite (Tick 99479)
TextWrite: "どうか､空の神様もう少し近くにきてください" at 0,0 (pic=40)
  Text drawn successfully to picture ID=40 (adjusted Y from 0 to 14)
VM: Executing [318] MovePic (Tick 99479)
  Auto-expanding destination Picture ID=39 from 330x250 to 340x250
VM: Executing [319] Wait (Tick 99479)
VM: Executing [320] TextColor (Tick 101400)
TextColor: 255, 255, 255
VM: Executing [321] TextWrite (Tick 101400)
TextWrite: "どうか､空の神様もう少し近くにきてください" at 0,0 (pic=40)
  Text drawn successfully to picture ID=40 (adjusted Y from 0 to 14)
PERF: [321] TextWrite took 3.108583ms
VM: Executing [322] MovePic (Tick 101400)
VM: Executing [323] Wait (Tick 101400)
DEBUG: WinID=0 Pic=0 ImgRect=(174,143)-(534,484) DrawRect=(174,143)-(534,484) Empty=false
DEBUG: WinID=1 Pic=8 ImgRect=(174,143)-(514,443) DrawRect=(174,143)-(514,443) Empty=false
DEBUG: WinID=2 Pic=3 ImgRect=(174,143)-(474,417) DrawRect=(174,143)-(474,417) Empty=false
DEBUG: WinID=3 Pic=14 ImgRect=(174,143)-(474,407) DrawRect=(174,143)-(474,407) Empty=false
DEBUG: WinID=4 Pic=27 ImgRect=(174,143)-(534,521) DrawRect=(174,143)-(534,508) Empty=false
DEBUG: WinID=5 Pic=35 ImgRect=(174,143)-(664,473) DrawRect=(174,143)-(644,473) Empty=false
DEBUG: WinID=6 Pic=39 ImgRect=(174,143)-(514,393) DrawRect=(174,143)-(514,393) Empty=false
DEBUG: WinID=0 Pic=0 ImgRect=(174,143)-(534,484) DrawRect=(174,143)-(534,484) Empty=false
DEBUG: WinID=1 Pic=8 ImgRect=(174,143)-(514,443) DrawRect=(174,143)-(514,443) Empty=false
DEBUG: WinID=2 Pic=3 ImgRect=(174,143)-(474,417) DrawRect=(174,143)-(474,417) Empty=false
DEBUG: WinID=3 Pic=14 ImgRect=(174,143)-(474,407) DrawRect=(174,143)-(474,407) Empty=false
DEBUG: WinID=4 Pic=27 ImgRect=(174,143)-(534,521) DrawRect=(174,143)-(534,508) Empty=false
DEBUG: WinID=5 Pic=35 ImgRect=(174,143)-(664,473) DrawRect=(174,143)-(644,473) Empty=false
DEBUG: WinID=6 Pic=39 ImgRect=(174,143)-(514,393) DrawRect=(174,143)-(514,393) Empty=false
VM: Executing [324] MovePic (Tick 109081)
VM: Executing [325] Wait (Tick 109081)
VM: Executing [326] Assign (Tick 112442)
LoadPic: POP06.bmp
  Loaded and decoded POP06.BMP (300x250, ID=41)
VM: LoadPic(POP06.bmp) -> 41
VM: Assign pop06g = 41
VM: Executing [327] Assign (Tick 112442)
LoadPic: POP06.bmp
  Loaded and decoded POP06.BMP (300x250, ID=42)
VM: LoadPic(POP06.bmp) -> 42
VM: Assign pop06m = 42
VM: Executing [328] Assign (Tick 112442)
LoadPic: POP06a.bmp
  Loaded and decoded POP06A.BMP (258x166, ID=43)
VM: LoadPic(POP06a.bmp) -> 43
VM: Assign pop06a = 43
VM: Executing [329] Assign (Tick 112442)
CreatePic: args=[41]
  Created picture ID=44 (300x250)
VM: Assign base_pic = 44
VM: Executing [330] OpenWin (Tick 112442)
DEBUG: OpenWin called with 8 args: [44 0 0 100 0 0 0 16777215]
OpenWin: pic=44 window at 0,0 size 100x480 source from 0,0 color=FFFFFF
VM: Executing [331] PutCast (Tick 112442)
PutCast: args=[41 44 0 0]
  Created and drew cast ID=3 at 0,0
VM: Executing [332] Assign (Tick 112442)
PutCast: args=[43 44 80 0 65280 0 0 0 130 160 0 0]
PutCast: Transparent color specified: #00ff00
convertTransparentColor: Target color RGB=(0,255,0)
  Pixel(0,0): RGB=(0,255,0) A=255
  Pixel(1,0): RGB=(0,255,0) A=255
  Pixel(2,0): RGB=(0,255,0) A=255
  Pixel(3,0): RGB=(0,255,0) A=255
  Pixel(4,0): RGB=(0,255,0) A=255
  Converted: 26260 transparent, 16568 opaque pixels
PutCast: Created transparency-processed picture ID=45
  Created and drew cast ID=4 at 80,0
VM: Assign cast = 4
PERF: [332] Assign took 18.075125ms
VM: Executing [333] MoveCast (Tick 112442)
MoveCast: args=[4 43 80 0 0 130 160 125 0]
DEBUG: MoveCast CastID=4 PicID=43 Args=[4 43 80 0 0 130 160 125 0]
DEBUG: Source Picture Size: 258x166
DEBUG: MoveCast Updated Cast ID=4: Pos=(80,0) Size=130x160 Src=(125,0)
DEBUG MoveCast: Redrawing casts for dest picture 44
  Cast 3: Pic=41 Pos=(0,0) Size=300x250 SrcOffset=(0,0)
    Clipped to rect: (0,0)-(300,250)
  Cast 4: Pic=45 Pos=(80,0) Size=130x160 SrcOffset=(125,0)
    Clipped to rect: (125,0)-(255,160)
  Total casts redrawn: 2
VM: Executing [334] Wait (Tick 112442)
DEBUG: WinID=7 Pic=44 ImgRect=(174,143)-(474,393) DrawRect=(0,0)-(0,0) Empty=true
VM: Executing [335] TextColor (Tick 112923)
TextColor: 0, 0, 0
VM: Executing [336] TextWrite (Tick 112923)
TextWrite: "次の日の朝…｢コケコッコー｣" at 0,200 (pic=42)
  Text drawn successfully to picture ID=42 (adjusted Y from 200 to 214)
PERF: [336] TextWrite took 3.8705ms
VM: Executing [337] MovePic (Tick 112923)
  Auto-expanding destination Picture ID=44 from 300x250 to 380x250
VM: Executing [338] Wait (Tick 112923)
DEBUG: WinID=7 Pic=44 ImgRect=(174,143)-(554,393) DrawRect=(0,0)-(0,0) Empty=true
DEBUG: WinID=0 Pic=0 ImgRect=(174,143)-(534,484) DrawRect=(174,143)-(534,484) Empty=false
DEBUG: WinID=1 Pic=8 ImgRect=(174,143)-(514,443) DrawRect=(174,143)-(514,443) Empty=false
DEBUG: WinID=2 Pic=3 ImgRect=(174,143)-(474,417) DrawRect=(174,143)-(474,417) Empty=false
DEBUG: WinID=3 Pic=14 ImgRect=(174,143)-(474,407) DrawRect=(174,143)-(474,407) Empty=false
DEBUG: WinID=4 Pic=27 ImgRect=(174,143)-(534,521) DrawRect=(174,143)-(534,508) Empty=false
DEBUG: WinID=5 Pic=35 ImgRect=(174,143)-(664,473) DrawRect=(174,143)-(644,473) Empty=false
DEBUG: WinID=6 Pic=39 ImgRect=(174,143)-(514,393) DrawRect=(174,143)-(514,393) Empty=false
DEBUG: WinID=7 Pic=44 ImgRect=(174,143)-(554,393) DrawRect=(0,0)-(0,0) Empty=true
DEBUG: WinID=7 Pic=44 ImgRect=(174,143)-(554,393) DrawRect=(0,0)-(0,0) Empty=true
VM: Executing [339] TextColor (Tick 114844)
TextColor: 255, 255, 255
VM: Executing [340] TextWrite (Tick 114844)
TextWrite: "次の日の朝…｢コケコッコー｣" at 0,200 (pic=42)
  Text drawn successfully to picture ID=42 (adjusted Y from 200 to 214)
VM: Executing [341] MoveCast (Tick 114844)
MoveCast: args=[4 43 80 0 0 130 160 125 0]
DEBUG: MoveCast CastID=4 PicID=43 Args=[4 43 80 0 0 130 160 125 0]
DEBUG: Source Picture Size: 258x166
DEBUG: MoveCast Updated Cast ID=4: Pos=(80,0) Size=130x160 Src=(125,0)
DEBUG MoveCast: Redrawing casts for dest picture 44
  Cast 3: Pic=41 Pos=(0,0) Size=300x250 SrcOffset=(0,0)
    Clipped to rect: (0,0)-(300,250)
  Cast 4: Pic=45 Pos=(80,0) Size=130x160 SrcOffset=(125,0)
    Clipped to rect: (125,0)-(255,160)
  Total casts redrawn: 2
VM: Executing [342] Wait (Tick 114844)
DEBUG: WinID=7 Pic=44 ImgRect=(174,143)-(554,393) DrawRect=(0,0)-(0,0) Empty=true
VM: Executing [343] MoveCast (Tick 115325)
MoveCast: args=[4 43 80 0 0 130 160 0 0]
DEBUG: MoveCast CastID=4 PicID=43 Args=[4 43 80 0 0 130 160 0 0]
DEBUG: Source Picture Size: 258x166
DEBUG: MoveCast Updated Cast ID=4: Pos=(80,0) Size=130x160 Src=(0,0)
DEBUG MoveCast: Redrawing casts for dest picture 44
  Cast 3: Pic=41 Pos=(0,0) Size=300x250 SrcOffset=(0,0)
    Clipped to rect: (0,0)-(300,250)
  Cast 4: Pic=45 Pos=(80,0) Size=130x160 SrcOffset=(0,0)
    Clipped to rect: (0,0)-(130,160)
  Total casts redrawn: 2
VM: Executing [344] Wait (Tick 115325)
VM: Executing [345] MoveCast (Tick 115806)
MoveCast: args=[4 43 80 0 0 130 160 125 0]
DEBUG: MoveCast CastID=4 PicID=43 Args=[4 43 80 0 0 130 160 125 0]
DEBUG: Source Picture Size: 258x166
DEBUG: MoveCast Updated Cast ID=4: Pos=(80,0) Size=130x160 Src=(125,0)
DEBUG MoveCast: Redrawing casts for dest picture 44
  Cast 3: Pic=41 Pos=(0,0) Size=300x250 SrcOffset=(0,0)
    Clipped to rect: (0,0)-(300,250)
  Cast 4: Pic=45 Pos=(80,0) Size=130x160 SrcOffset=(125,0)
    Clipped to rect: (125,0)-(255,160)
  Total casts redrawn: 2
VM: Executing [346] Wait (Tick 115806)
DEBUG: WinID=7 Pic=44 ImgRect=(174,143)-(554,393) DrawRect=(0,0)-(0,0) Empty=true
VM: Executing [347] MoveCast (Tick 116287)
MoveCast: args=[4 43 80 0 0 130 160 0 0]
DEBUG: MoveCast CastID=4 PicID=43 Args=[4 43 80 0 0 130 160 0 0]
DEBUG: Source Picture Size: 258x166
DEBUG: MoveCast Updated Cast ID=4: Pos=(80,0) Size=130x160 Src=(0,0)
DEBUG MoveCast: Redrawing casts for dest picture 44
  Cast 3: Pic=41 Pos=(0,0) Size=300x250 SrcOffset=(0,0)
    Clipped to rect: (0,0)-(300,250)
  Cast 4: Pic=45 Pos=(80,0) Size=130x160 SrcOffset=(0,0)
    Clipped to rect: (0,0)-(130,160)
  Total casts redrawn: 2
VM: Executing [348] Wait (Tick 116287)
DEBUG: WinID=7 Pic=44 ImgRect=(174,143)-(554,393) DrawRect=(0,0)-(0,0) Empty=true
VM: Executing [349] MoveCast (Tick 116768)
MoveCast: args=[4 43 80 0 0 130 160 125 0]
DEBUG: MoveCast CastID=4 PicID=43 Args=[4 43 80 0 0 130 160 125 0]
DEBUG: Source Picture Size: 258x166
DEBUG: MoveCast Updated Cast ID=4: Pos=(80,0) Size=130x160 Src=(125,0)
DEBUG MoveCast: Redrawing casts for dest picture 44
  Cast 3: Pic=41 Pos=(0,0) Size=300x250 SrcOffset=(0,0)
    Clipped to rect: (0,0)-(300,250)
  Cast 4: Pic=45 Pos=(80,0) Size=130x160 SrcOffset=(125,0)
    Clipped to rect: (125,0)-(255,160)
  Total casts redrawn: 2
VM: Executing [350] Wait (Tick 116768)
DEBUG: WinID=7 Pic=44 ImgRect=(174,143)-(554,393) DrawRect=(0,0)-(0,0) Empty=true
VM: Executing [351] MoveCast (Tick 117249)
MoveCast: args=[4 43 80 0 0 130 160 0 0]
DEBUG: MoveCast CastID=4 PicID=43 Args=[4 43 80 0 0 130 160 0 0]
DEBUG: Source Picture Size: 258x166
DEBUG: MoveCast Updated Cast ID=4: Pos=(80,0) Size=130x160 Src=(0,0)
DEBUG MoveCast: Redrawing casts for dest picture 44
  Cast 3: Pic=41 Pos=(0,0) Size=300x250 SrcOffset=(0,0)
    Clipped to rect: (0,0)-(300,250)
  Cast 4: Pic=45 Pos=(80,0) Size=130x160 SrcOffset=(0,0)
    Clipped to rect: (0,0)-(130,160)
  Total casts redrawn: 2
VM: Executing [352] Wait (Tick 117249)
DEBUG: WinID=7 Pic=44 ImgRect=(174,143)-(554,393) DrawRect=(0,0)-(0,0) Empty=true
VM: Executing [353] MoveCast (Tick 117730)
MoveCast: args=[4 43 80 0 0 130 160 125 0]
DEBUG: MoveCast CastID=4 PicID=43 Args=[4 43 80 0 0 130 160 125 0]
DEBUG: Source Picture Size: 258x166
DEBUG: MoveCast Updated Cast ID=4: Pos=(80,0) Size=130x160 Src=(125,0)
DEBUG MoveCast: Redrawing casts for dest picture 44
  Cast 3: Pic=41 Pos=(0,0) Size=300x250 SrcOffset=(0,0)
    Clipped to rect: (0,0)-(300,250)
  Cast 4: Pic=45 Pos=(80,0) Size=130x160 SrcOffset=(125,0)
    Clipped to rect: (125,0)-(255,160)
  Total casts redrawn: 2
VM: Executing [354] Wait (Tick 117730)
DEBUG: WinID=7 Pic=44 ImgRect=(174,143)-(554,393) DrawRect=(0,0)-(0,0) Empty=true
VM: Executing [355] MoveCast (Tick 118211)
MoveCast: args=[4 43 80 0 0 130 160 0 0]
DEBUG: MoveCast CastID=4 PicID=43 Args=[4 43 80 0 0 130 160 0 0]
DEBUG: Source Picture Size: 258x166
DEBUG: MoveCast Updated Cast ID=4: Pos=(80,0) Size=130x160 Src=(0,0)
DEBUG MoveCast: Redrawing casts for dest picture 44
  Cast 3: Pic=41 Pos=(0,0) Size=300x250 SrcOffset=(0,0)
    Clipped to rect: (0,0)-(300,250)
  Cast 4: Pic=45 Pos=(80,0) Size=130x160 SrcOffset=(0,0)
    Clipped to rect: (0,0)-(130,160)
  Total casts redrawn: 2
VM: Executing [356] Wait (Tick 118211)
VM: Executing [357] MoveCast (Tick 118692)
MoveCast: args=[4 43 80 0 0 130 160 125 0]
DEBUG: MoveCast CastID=4 PicID=43 Args=[4 43 80 0 0 130 160 125 0]
DEBUG: Source Picture Size: 258x166
DEBUG: MoveCast Updated Cast ID=4: Pos=(80,0) Size=130x160 Src=(125,0)
DEBUG MoveCast: Redrawing casts for dest picture 44
  Cast 3: Pic=41 Pos=(0,0) Size=300x250 SrcOffset=(0,0)
    Clipped to rect: (0,0)-(300,250)
  Cast 4: Pic=45 Pos=(80,0) Size=130x160 SrcOffset=(125,0)
    Clipped to rect: (125,0)-(255,160)
  Total casts redrawn: 2
VM: Executing [358] Wait (Tick 118692)
DEBUG: WinID=7 Pic=44 ImgRect=(174,143)-(554,393) DrawRect=(0,0)-(0,0) Empty=true
VM: Executing [359] MoveCast (Tick 119173)
MoveCast: args=[4 43 80 0 0 130 160 0 0]
DEBUG: MoveCast CastID=4 PicID=43 Args=[4 43 80 0 0 130 160 0 0]
DEBUG: Source Picture Size: 258x166
DEBUG: MoveCast Updated Cast ID=4: Pos=(80,0) Size=130x160 Src=(0,0)
DEBUG MoveCast: Redrawing casts for dest picture 44
  Cast 3: Pic=41 Pos=(0,0) Size=300x250 SrcOffset=(0,0)
    Clipped to rect: (0,0)-(300,250)
  Cast 4: Pic=45 Pos=(80,0) Size=130x160 SrcOffset=(0,0)
    Clipped to rect: (0,0)-(130,160)
  Total casts redrawn: 2
VM: Executing [360] Wait (Tick 119173)
DEBUG: WinID=7 Pic=44 ImgRect=(174,143)-(554,393) DrawRect=(0,0)-(0,0) Empty=true
VM: Executing [361] MovePic (Tick 119654)
VM: Executing [362] OpenWin (Tick 119654)
DEBUG: OpenWin called with 8 args: [8 0 0 0 0 0 0 16777215]
OpenWin: pic=8 window at 0,0 size 640x480 source from 0,0 color=FFFFFF
VM: Executing [363] MovePic (Tick 119654)
VM: Executing [364] Wait (Tick 119654)
DEBUG: WinID=0 Pic=0 ImgRect=(174,143)-(534,484) DrawRect=(174,143)-(534,484) Empty=false
DEBUG: WinID=1 Pic=8 ImgRect=(174,143)-(514,443) DrawRect=(174,143)-(514,443) Empty=false
DEBUG: WinID=2 Pic=3 ImgRect=(174,143)-(474,417) DrawRect=(174,143)-(474,417) Empty=false
DEBUG: WinID=3 Pic=14 ImgRect=(174,143)-(474,407) DrawRect=(174,143)-(474,407) Empty=false
DEBUG: WinID=4 Pic=27 ImgRect=(174,143)-(534,521) DrawRect=(174,143)-(534,508) Empty=false
DEBUG: WinID=5 Pic=35 ImgRect=(174,143)-(664,473) DrawRect=(174,143)-(644,473) Empty=false
DEBUG: WinID=6 Pic=39 ImgRect=(174,143)-(514,393) DrawRect=(174,143)-(514,393) Empty=false
DEBUG: WinID=7 Pic=44 ImgRect=(174,143)-(554,393) DrawRect=(0,0)-(0,0) Empty=true
DEBUG: WinID=8 Pic=8 ImgRect=(174,143)-(514,443) DrawRect=(174,143)-(514,443) Empty=false
VM: Executing [365] TextColor (Tick 120135)
TextColor: 0, 0, 0
VM: Executing [366] TextWrite (Tick 120135)
TextWrite: "みんなは｢ゆめみごこちのさる｣っていうけど" at 0,0 (pic=9)
  Text drawn successfully to picture ID=9 (adjusted Y from 0 to 14)
VM: Executing [367] MovePic (Tick 120135)
VM: Executing [368] Wait (Tick 120135)
DEBUG: WinID=7 Pic=44 ImgRect=(174,143)-(554,393) DrawRect=(0,0)-(0,0) Empty=true
DEBUG: WinID=7 Pic=44 ImgRect=(174,143)-(554,393) DrawRect=(0,0)-(0,0) Empty=true
DEBUG: WinID=7 Pic=44 ImgRect=(174,143)-(554,393) DrawRect=(0,0)-(0,0) Empty=true
VM: Executing [369] TextColor (Tick 122056)
TextColor: 255, 255, 255
VM: Executing [370] TextWrite (Tick 122056)
TextWrite: "みんなは｢ゆめみごこちのさる｣っていうけど" at 0,0 (pic=9)
  Text drawn successfully to picture ID=9 (adjusted Y from 0 to 14)
VM: Executing [371] MovePic (Tick 122056)
VM: Executing [372] Wait (Tick 122056)
DEBUG: WinID=7 Pic=44 ImgRect=(174,143)-(554,393) DrawRect=(0,0)-(0,0) Empty=true
VM: Executing [373] MovePic (Tick 122537)
VM: Executing [374] Wait (Tick 122537)
VM: Executing [375] MovePic (Tick 123018)
VM: Executing [376] Wait (Tick 123018)
DEBUG: WinID=7 Pic=44 ImgRect=(174,143)-(554,393) DrawRect=(0,0)-(0,0) Empty=true
VM: Executing [377] MovePic (Tick 123499)
VM: Executing [378] Wait (Tick 123499)
DEBUG: WinID=7 Pic=44 ImgRect=(174,143)-(554,393) DrawRect=(0,0)-(0,0) Empty=true
VM: Executing [379] MovePic (Tick 123980)
VM: Executing [380] Wait (Tick 123980)
DEBUG: WinID=7 Pic=44 ImgRect=(174,143)-(554,393) DrawRect=(0,0)-(0,0) Empty=true
VM: Executing [381] MovePic (Tick 124461)
VM: Executing [382] Wait (Tick 124461)
DEBUG: WinID=7 Pic=44 ImgRect=(174,143)-(554,393) DrawRect=(0,0)-(0,0) Empty=true
VM: Executing [383] MovePic (Tick 124942)
VM: Executing [384] Wait (Tick 124942)
VM: Executing [385] MovePic (Tick 125423)
VM: Executing [386] Wait (Tick 125423)
DEBUG: WinID=7 Pic=44 ImgRect=(174,143)-(554,393) DrawRect=(0,0)-(0,0) Empty=true
VM: Executing [387] MovePic (Tick 125904)
VM: Executing [388] Wait (Tick 125904)
DEBUG: WinID=0 Pic=0 ImgRect=(174,143)-(534,484) DrawRect=(174,143)-(534,484) Empty=false
DEBUG: WinID=1 Pic=8 ImgRect=(174,143)-(514,443) DrawRect=(174,143)-(514,443) Empty=false
DEBUG: WinID=2 Pic=3 ImgRect=(174,143)-(474,417) DrawRect=(174,143)-(474,417) Empty=false
DEBUG: WinID=3 Pic=14 ImgRect=(174,143)-(474,407) DrawRect=(174,143)-(474,407) Empty=false
DEBUG: WinID=4 Pic=27 ImgRect=(174,143)-(534,521) DrawRect=(174,143)-(534,508) Empty=false
DEBUG: WinID=5 Pic=35 ImgRect=(174,143)-(664,473) DrawRect=(174,143)-(644,473) Empty=false
DEBUG: WinID=6 Pic=39 ImgRect=(174,143)-(514,393) DrawRect=(174,143)-(514,393) Empty=false
DEBUG: WinID=7 Pic=44 ImgRect=(174,143)-(554,393) DrawRect=(0,0)-(0,0) Empty=true
DEBUG: WinID=8 Pic=8 ImgRect=(174,143)-(514,443) DrawRect=(174,143)-(514,443) Empty=false
DEBUG: WinID=7 Pic=44 ImgRect=(174,143)-(554,393) DrawRect=(0,0)-(0,0) Empty=true
DEBUG: WinID=7 Pic=44 ImgRect=(174,143)-(554,393) DrawRect=(0,0)-(0,0) Empty=true
VM: Executing [389] TextColor (Tick 127825)
TextColor: 0, 0, 0
VM: Executing [390] TextWrite (Tick 127825)
TextWrite: "きっと､空を飛んでみせるんだ" at 0,0 (pic=9)
  Text drawn successfully to picture ID=9 (adjusted Y from 0 to 14)
VM: Executing [391] MovePic (Tick 127825)
VM: Executing [392] Wait (Tick 127825)
DEBUG: WinID=7 Pic=44 ImgRect=(174,143)-(554,393) DrawRect=(0,0)-(0,0) Empty=true
DEBUG: WinID=7 Pic=44 ImgRect=(174,143)-(554,393) DrawRect=(0,0)-(0,0) Empty=true
DEBUG: WinID=7 Pic=44 ImgRect=(174,143)-(554,393) DrawRect=(0,0)-(0,0) Empty=true
DEBUG: WinID=7 Pic=44 ImgRect=(174,143)-(554,393) DrawRect=(0,0)-(0,0) Empty=true
VM: Executing [393] TextColor (Tick 129746)
TextColor: 255, 255, 255
VM: Executing [394] TextWrite (Tick 129746)
TextWrite: "きっと､空を飛んでみせるんだ" at 0,0 (pic=9)
  Text drawn successfully to picture ID=9 (adjusted Y from 0 to 14)
VM: Executing [395] MovePic (Tick 129746)
VM: Executing [396] Wait (Tick 129746)
Engine Close
